<?xml version="1.0" encoding="UTF-8"?>
<!-- Generated by org.testng.reporters.JUnitReportReporter -->
<testsuite hostname="LAPTOP-TJ33SVI5" name="mar4.AdvancedReporting" tests="1" failures="0" timestamp="8 Mar 2021 18:31:17 GMT" time="15.753" errors="0">
  <testcase name="failTest" time="15.753" classname="mar4.AdvancedReporting"/>
</testsuite> <!-- mar4.AdvancedReporting -->
